        chrom_id  ...                                               INFO
0   NC_064408.1   ...   AC=4;AF=1;AN=4;DP=27;ExcessHet=0;FS=0;Inbreed...
1   NC_064408.1   ...   AC=10;AF=0.238;AN=42;BaseQRankSum=2.19;DP=325...
2   NC_064408.1   ...   AC=10;AF=0.238;AN=42;BaseQRankSum=2.19;DP=325...
3   NC_064408.1   ...   AC=2;AF=0.029;AN=68;DP=244;ExcessHet=0;FS=0;I...
4   NC_064408.1   ...   AC=2;AF=0.029;AN=68;DP=244;ExcessHet=0;FS=0;I...
5   NC_064408.1   ...   AC=4;AF=0.061;AN=66;BaseQRankSum=1.24;DP=243;...
6   NC_064408.1   ...   AC=4;AF=0.087;AN=46;BaseQRankSum=0;DP=239;Exc...
7   NC_064408.1   ...   AC=2;AF=0.033;AN=60;DP=392;ExcessHet=0;FS=0;I...
8   NC_064408.1   ...   AC=2;AF=0.033;AN=60;DP=392;ExcessHet=0;FS=0;I...
9   NC_064408.1   ...   AC=1;AF=0.017;AN=58;BaseQRankSum=0.249;DP=453...
10  NC_064408.1   ...   AC=6;AF=0.103;AN=58;BaseQRankSum=-1.241;DP=50...
11  NC_064408.1   ...   AC=2;AF=0.033;AN=60;DP=412;ExcessHet=0;FS=0;I...
12  NC_064408.1   ...   AC=1;AF=0.017;AN=60;BaseQRankSum=1.45;DP=452;...
13  NC_064408.1   ...   AC=3;AF=0.05;AN=60;BaseQRankSum=1.32;DP=453;E...
14  NC_064408.1   ...   AC=3;AF=0.05;AN=60;BaseQRankSum=0.084;DP=403;...
15  NC_064408.1   ...   AC=3;AF=0.05;AN=60;BaseQRankSum=0.084;DP=403;...
16  NC_064408.1   ...   AC=2;AF=0.042;AN=48;DP=245;ExcessHet=0;FS=0;I...
17  NC_064408.1   ...   AC=2;AF=0.038;AN=52;DP=262;ExcessHet=0;FS=0;I...
18  NC_064408.1   ...   AC=1;AF=0.019;AN=52;BaseQRankSum=-0.688;DP=27...
19  NC_064408.1   ...   AC=1;AF=0.019;AN=52;BaseQRankSum=2.04;DP=314;...
20  NC_064408.1   ...   AC=1;AF=0.02;AN=50;BaseQRankSum=1.08;DP=280;E...
21  NC_064408.1   ...   AC=2;AF=0.042;AN=48;BaseQRankSum=1.44;DP=295;...
22  NC_064408.1   ...   AC=2;AF=0.048;AN=42;BaseQRankSum=0.303;DP=229...
23  NC_064408.1   ...   AC=2;AF=0.067;AN=30;DP=72;ExcessHet=0;FS=0;In...
24  NC_064408.1   ...   AC=2;AF=0.067;AN=30;DP=72;ExcessHet=0;FS=0;In...
25  NC_064408.1   ...   AC=1;AF=0.022;AN=46;BaseQRankSum=-0.674;DP=20...
26  NC_064408.1   ...   AC=1;AF=0.022;AN=46;BaseQRankSum=-0.842;DP=21...
27  NC_064408.1   ...   AC=5;AF=0.1;AN=50;BaseQRankSum=-1.036;DP=224;...
28  NC_064408.1   ...   AC=2;AF=0.042;AN=48;DP=211;ExcessHet=0;FS=0;I...

[29 rows x 10 columns]
